<?xml version="1.0" encoding="UTF-8"?>
<testsuite xmlns:xsi="http://www.w3.org/2001/XMLSchema-instance" xsi:noNamespaceSchemaLocation="https://maven.apache.org/surefire/maven-surefire-plugin/xsd/surefire-test-report-3.0.xsd" version="3.0" name="com.app.my_market.MyMarketApplicationTests" time="6.109" tests="1" errors="0" skipped="0" failures="0">
  <properties>
[...]
</properties>
  <testcase name="contextLoads" classname="com.app.my_market.MyMarketApplicationTests" time="0.444">
    <system-out><![CDATA[15:58:33.310 [main] INFO org.springframework.test.context.support.AnnotationConfigContextLoaderUtils -- Could not detect default configuration classes for test class [com.app.my_market.MyMarketApplicationTests]: MyMarketApplicationTests does not declare any static, non-private, non-final, nested classes annotated with @Configuration.
15:58:33.462 [main] INFO org.springframework.boot.test.context.SpringBootTestContextBootstrapper -- Found @SpringBootConfiguration com.app.my_market.MyMarketApplication for test class com.app.my_market.MyMarketApplicationTests

  .   ____          _            __ _ _
 /\\ / ___'_ __ _ _(_)_ __  __ _ \ \ \ \
( ( )\___ | '_ | '_| | '_ \/ _` | \ \ \ \
 \\/  ___)| |_)| | | | | || (_| |  ) ) ) )
  '  |____| .__|_| |_|_| |_\__, | / / / /
 =========|_|==============|___/=/_/_/_/

 :: Spring Boot ::                (v3.4.0)

2024-12-19T15:58:33.828-03:00  INFO 30888 --- [my-market] [           main] c.a.my_market.MyMarketApplicationTests   : Starting MyMarketApplicationTests using Java 18.0.2.1 with PID 30888 (started by EliezerRojas in C:\Users\EliezerRojas\Desktop\Eliezer\Cursos\JavaSpring\my-market)
2024-12-19T15:58:33.830-03:00  INFO 30888 --- [my-market] [           main] c.a.my_market.MyMarketApplicationTests   : The following 1 profile is active: "dev"
2024-12-19T15:58:34.803-03:00  INFO 30888 --- [my-market] [           main] .s.d.r.c.RepositoryConfigurationDelegate : Bootstrapping Spring Data JPA repositories in DEFAULT mode.
2024-12-19T15:58:34.870-03:00  INFO 30888 --- [my-market] [           main] .s.d.r.c.RepositoryConfigurationDelegate : Finished Spring Data repository scanning in 54 ms. Found 2 JPA repository interfaces.
2024-12-19T15:58:35.441-03:00  INFO 30888 --- [my-market] [           main] com.zaxxer.hikari.HikariDataSource       : HikariPool-1 - Starting...
2024-12-19T15:58:35.722-03:00  INFO 30888 --- [my-market] [           main] com.zaxxer.hikari.pool.HikariPool        : HikariPool-1 - Added connection org.postgresql.jdbc.PgConnection@46320c9a
2024-12-19T15:58:35.724-03:00  INFO 30888 --- [my-market] [           main] com.zaxxer.hikari.HikariDataSource       : HikariPool-1 - Start completed.
2024-12-19T15:58:35.793-03:00  INFO 30888 --- [my-market] [           main] o.hibernate.jpa.internal.util.LogHelper  : HHH000204: Processing PersistenceUnitInfo [name: default]
2024-12-19T15:58:35.893-03:00  INFO 30888 --- [my-market] [           main] org.hibernate.Version                    : HHH000412: Hibernate ORM core version 6.6.2.Final
2024-12-19T15:58:35.918-03:00  INFO 30888 --- [my-market] [           main] o.h.c.internal.RegionFactoryInitiator    : HHH000026: Second-level cache disabled
2024-12-19T15:58:36.453-03:00  INFO 30888 --- [my-market] [           main] o.s.o.j.p.SpringPersistenceUnitInfo      : No LoadTimeWeaver setup: ignoring JPA class transformer
2024-12-19T15:58:36.625-03:00  INFO 30888 --- [my-market] [           main] org.hibernate.orm.connections.pooling    : HHH10001005: Database info:
	Database JDBC URL [Connecting through datasource 'HikariDataSource (HikariPool-1)']
	Database driver: undefined/unknown
	Database version: 17.2
	Autocommit mode: undefined/unknown
	Isolation level: undefined/unknown
	Minimum pool size: undefined/unknown
	Maximum pool size: undefined/unknown
2024-12-19T15:58:36.968-03:00  WARN 30888 --- [my-market] [           main] org.hibernate.mapping.RootClass          : HHH000038: Composite-id class does not override equals(): com.app.my_market.persistance.entity.ComprasProductoPK
2024-12-19T15:58:36.968-03:00  WARN 30888 --- [my-market] [           main] org.hibernate.mapping.RootClass          : HHH000039: Composite-id class does not override hashCode(): com.app.my_market.persistance.entity.ComprasProductoPK
2024-12-19T15:58:37.450-03:00  INFO 30888 --- [my-market] [           main] o.h.e.t.j.p.i.JtaPlatformInitiator       : HHH000489: No JTA platform available (set 'hibernate.transaction.jta.platform' to enable JTA platform integration)
2024-12-19T15:58:37.452-03:00  INFO 30888 --- [my-market] [           main] j.LocalContainerEntityManagerFactoryBean : Initialized JPA EntityManagerFactory for persistence unit 'default'
2024-12-19T15:58:38.246-03:00  WARN 30888 --- [my-market] [           main] JpaBaseConfiguration$JpaWebConfiguration : spring.jpa.open-in-view is enabled by default. Therefore, database queries may be performed during view rendering. Explicitly configure spring.jpa.open-in-view to disable this warning
2024-12-19T15:58:38.809-03:00  INFO 30888 --- [my-market] [           main] c.a.my_market.MyMarketApplicationTests   : Started MyMarketApplicationTests in 5.23 seconds (process running for 6.159)
]]></system-out>
  </testcase>
</testsuite>